2017-05-09 15:39:00,468 - Log4JLogChute initialized using file 'velocity.log'
2017-05-09 15:39:00,468 - Velocity was not initialized! Calling init()...
2017-05-09 15:39:00,468 - Starting Apache Velocity v1.5 (compiled: 2007-02-22 08:52:29)
2017-05-09 15:39:00,468 - Default Properties File: org\apache\velocity\runtime\defaults\velocity.properties
2017-05-09 15:39:00,468 - Trying to use logger class org.apache.velocity.runtime.log.AvalonLogChute
2017-05-09 15:39:00,478 - Couldn't find class org.apache.velocity.runtime.log.AvalonLogChute or necessary supporting classes in classpath.
java.lang.NoClassDefFoundError: org/apache/log/format/Formatter
	at java.lang.Class.forName0(Native Method)
	at java.lang.Class.forName(Class.java:348)
	at org.apache.velocity.util.ClassUtils.getClass(ClassUtils.java:63)
	at org.apache.velocity.util.ClassUtils.getNewInstance(ClassUtils.java:95)
	at org.apache.velocity.runtime.log.LogManager.createLogChute(LogManager.java:147)
	at org.apache.velocity.runtime.log.LogManager.updateLog(LogManager.java:208)
	at org.apache.velocity.runtime.RuntimeInstance.initializeLog(RuntimeInstance.java:728)
	at org.apache.velocity.runtime.RuntimeInstance.init(RuntimeInstance.java:240)
	at org.apache.velocity.runtime.RuntimeInstance.parse(RuntimeInstance.java:993)
	at org.apache.velocity.runtime.RuntimeInstance.parse(RuntimeInstance.java:972)
	at org.apache.velocity.runtime.RuntimeSingleton.parse(RuntimeSingleton.java:265)
	at org.apache.velocity.app.Velocity.evaluate(Velocity.java:274)
	at com.ogione.exercise.weather.WeatherFormatter.format(WeatherFormatter.java:21)
	at com.ogione.exercise.weather.yahoo.WeatherFormatterTest.testFormat(WeatherFormatterTest.java:23)
	at sun.reflect.NativeMethodAccessorImpl.invoke0(Native Method)
	at sun.reflect.NativeMethodAccessorImpl.invoke(NativeMethodAccessorImpl.java:62)
	at sun.reflect.DelegatingMethodAccessorImpl.invoke(DelegatingMethodAccessorImpl.java:43)
	at java.lang.reflect.Method.invoke(Method.java:498)
	at junit.framework.TestCase.runTest(TestCase.java:176)
	at junit.framework.TestCase.runBare(TestCase.java:141)
	at junit.framework.TestResult$1.protect(TestResult.java:122)
	at junit.framework.TestResult.runProtected(TestResult.java:142)
	at junit.framework.TestResult.run(TestResult.java:125)
	at junit.framework.TestCase.run(TestCase.java:129)
	at junit.framework.TestSuite.runTest(TestSuite.java:252)
	at junit.framework.TestSuite.run(TestSuite.java:247)
	at org.junit.internal.runners.JUnit38ClassRunner.run(JUnit38ClassRunner.java:86)
	at org.apache.maven.surefire.junit4.JUnit4Provider.execute(JUnit4Provider.java:252)
	at org.apache.maven.surefire.junit4.JUnit4Provider.executeTestSet(JUnit4Provider.java:141)
	at org.apache.maven.surefire.junit4.JUnit4Provider.invoke(JUnit4Provider.java:112)
	at sun.reflect.NativeMethodAccessorImpl.invoke0(Native Method)
	at sun.reflect.NativeMethodAccessorImpl.invoke(NativeMethodAccessorImpl.java:62)
	at sun.reflect.DelegatingMethodAccessorImpl.invoke(DelegatingMethodAccessorImpl.java:43)
	at java.lang.reflect.Method.invoke(Method.java:498)
	at org.apache.maven.surefire.util.ReflectionUtils.invokeMethodWithArray(ReflectionUtils.java:189)
	at org.apache.maven.surefire.booter.ProviderFactory$ProviderProxy.invoke(ProviderFactory.java:165)
	at org.apache.maven.surefire.booter.ProviderFactory.invokeProvider(ProviderFactory.java:85)
	at org.apache.maven.surefire.booter.ForkedBooter.runSuitesInProcess(ForkedBooter.java:115)
	at org.apache.maven.surefire.booter.ForkedBooter.main(ForkedBooter.java:75)
Caused by: java.lang.ClassNotFoundException: org.apache.log.format.Formatter
	at java.net.URLClassLoader.findClass(URLClassLoader.java:381)
	at java.lang.ClassLoader.loadClass(ClassLoader.java:424)
	at sun.misc.Launcher$AppClassLoader.loadClass(Launcher.java:331)
	at java.lang.ClassLoader.loadClass(ClassLoader.java:357)
	... 39 more
2017-05-09 15:39:00,478 - Trying to use logger class org.apache.velocity.runtime.log.Log4JLogChute
2017-05-09 15:39:00,478 - Using logger class org.apache.velocity.runtime.log.Log4JLogChute
2017-05-09 15:39:00,478 - Default ResourceManager initializing. (class org.apache.velocity.runtime.resource.ResourceManagerImpl)
2017-05-09 15:39:00,478 - ResourceLoader instantiated: org.apache.velocity.runtime.resource.loader.FileResourceLoader
2017-05-09 15:39:00,478 - Do unicode file recognition:  false
2017-05-09 15:39:00,478 - FileResourceLoader : adding path '.'
2017-05-09 15:39:00,488 - ResourceCache: initialized (class org.apache.velocity.runtime.resource.ResourceCacheImpl)
2017-05-09 15:39:00,488 - Loaded System Directive: org.apache.velocity.runtime.directive.Literal
2017-05-09 15:39:00,488 - Loaded System Directive: org.apache.velocity.runtime.directive.Macro
2017-05-09 15:39:00,488 - Loaded System Directive: org.apache.velocity.runtime.directive.Parse
2017-05-09 15:39:00,488 - Loaded System Directive: org.apache.velocity.runtime.directive.Include
2017-05-09 15:39:00,488 - Loaded System Directive: org.apache.velocity.runtime.directive.Foreach
2017-05-09 15:39:00,508 - Created '20' parsers.
2017-05-09 15:39:00,508 - Velocimacro : "velocimacro.library" is not set.  Trying default library: VM_global_library.vm
2017-05-09 15:39:00,508 - Velocimacro : Default library not found.
2017-05-09 15:39:00,508 - Velocimacro : allowInline = true : VMs can be defined inline in templates
2017-05-09 15:39:00,508 - Velocimacro : allowInlineToOverride = false : VMs defined inline may NOT replace previous VM definitions
2017-05-09 15:39:00,508 - Velocimacro : allowInlineLocal = false : VMs defined inline will be global in scope if allowed.
2017-05-09 15:39:00,508 - Velocimacro : autoload off : VM system will not automatically reload global library macros
2017-05-09 15:41:40,443 - Log4JLogChute initialized using file 'velocity.log'
2017-05-09 15:41:40,443 - Velocity was not initialized! Calling init()...
2017-05-09 15:41:40,443 - Starting Apache Velocity v1.5 (compiled: 2007-02-22 08:52:29)
2017-05-09 15:41:40,443 - Default Properties File: org\apache\velocity\runtime\defaults\velocity.properties
2017-05-09 15:41:40,443 - Trying to use logger class org.apache.velocity.runtime.log.AvalonLogChute
2017-05-09 15:41:40,443 - Couldn't find class org.apache.velocity.runtime.log.AvalonLogChute or necessary supporting classes in classpath.
java.lang.NoClassDefFoundError: org/apache/log/format/Formatter
	at java.lang.Class.forName0(Native Method)
	at java.lang.Class.forName(Class.java:348)
	at org.apache.velocity.util.ClassUtils.getClass(ClassUtils.java:63)
	at org.apache.velocity.util.ClassUtils.getNewInstance(ClassUtils.java:95)
	at org.apache.velocity.runtime.log.LogManager.createLogChute(LogManager.java:147)
	at org.apache.velocity.runtime.log.LogManager.updateLog(LogManager.java:208)
	at org.apache.velocity.runtime.RuntimeInstance.initializeLog(RuntimeInstance.java:728)
	at org.apache.velocity.runtime.RuntimeInstance.init(RuntimeInstance.java:240)
	at org.apache.velocity.runtime.RuntimeInstance.parse(RuntimeInstance.java:993)
	at org.apache.velocity.runtime.RuntimeInstance.parse(RuntimeInstance.java:972)
	at org.apache.velocity.runtime.RuntimeSingleton.parse(RuntimeSingleton.java:265)
	at org.apache.velocity.app.Velocity.evaluate(Velocity.java:274)
	at com.ogione.exercise.weather.WeatherFormatter.format(WeatherFormatter.java:21)
	at com.ogione.exercise.weather.yahoo.WeatherFormatterTest.testFormat(WeatherFormatterTest.java:23)
	at sun.reflect.NativeMethodAccessorImpl.invoke0(Native Method)
	at sun.reflect.NativeMethodAccessorImpl.invoke(NativeMethodAccessorImpl.java:62)
	at sun.reflect.DelegatingMethodAccessorImpl.invoke(DelegatingMethodAccessorImpl.java:43)
	at java.lang.reflect.Method.invoke(Method.java:498)
	at junit.framework.TestCase.runTest(TestCase.java:176)
	at junit.framework.TestCase.runBare(TestCase.java:141)
	at junit.framework.TestResult$1.protect(TestResult.java:122)
	at junit.framework.TestResult.runProtected(TestResult.java:142)
	at junit.framework.TestResult.run(TestResult.java:125)
	at junit.framework.TestCase.run(TestCase.java:129)
	at junit.framework.TestSuite.runTest(TestSuite.java:252)
	at junit.framework.TestSuite.run(TestSuite.java:247)
	at org.junit.internal.runners.JUnit38ClassRunner.run(JUnit38ClassRunner.java:86)
	at org.apache.maven.surefire.junit4.JUnit4Provider.execute(JUnit4Provider.java:252)
	at org.apache.maven.surefire.junit4.JUnit4Provider.executeTestSet(JUnit4Provider.java:141)
	at org.apache.maven.surefire.junit4.JUnit4Provider.invoke(JUnit4Provider.java:112)
	at sun.reflect.NativeMethodAccessorImpl.invoke0(Native Method)
	at sun.reflect.NativeMethodAccessorImpl.invoke(NativeMethodAccessorImpl.java:62)
	at sun.reflect.DelegatingMethodAccessorImpl.invoke(DelegatingMethodAccessorImpl.java:43)
	at java.lang.reflect.Method.invoke(Method.java:498)
	at org.apache.maven.surefire.util.ReflectionUtils.invokeMethodWithArray(ReflectionUtils.java:189)
	at org.apache.maven.surefire.booter.ProviderFactory$ProviderProxy.invoke(ProviderFactory.java:165)
	at org.apache.maven.surefire.booter.ProviderFactory.invokeProvider(ProviderFactory.java:85)
	at org.apache.maven.surefire.booter.ForkedBooter.runSuitesInProcess(ForkedBooter.java:115)
	at org.apache.maven.surefire.booter.ForkedBooter.main(ForkedBooter.java:75)
Caused by: java.lang.ClassNotFoundException: org.apache.log.format.Formatter
	at java.net.URLClassLoader.findClass(URLClassLoader.java:381)
	at java.lang.ClassLoader.loadClass(ClassLoader.java:424)
	at sun.misc.Launcher$AppClassLoader.loadClass(Launcher.java:331)
	at java.lang.ClassLoader.loadClass(ClassLoader.java:357)
	... 39 more
2017-05-09 15:41:40,443 - Trying to use logger class org.apache.velocity.runtime.log.Log4JLogChute
2017-05-09 15:41:40,443 - Using logger class org.apache.velocity.runtime.log.Log4JLogChute
2017-05-09 15:41:40,443 - Default ResourceManager initializing. (class org.apache.velocity.runtime.resource.ResourceManagerImpl)
2017-05-09 15:41:40,453 - ResourceLoader instantiated: org.apache.velocity.runtime.resource.loader.FileResourceLoader
2017-05-09 15:41:40,453 - Do unicode file recognition:  false
2017-05-09 15:41:40,453 - FileResourceLoader : adding path '.'
2017-05-09 15:41:40,463 - ResourceCache: initialized (class org.apache.velocity.runtime.resource.ResourceCacheImpl)
2017-05-09 15:41:40,463 - Loaded System Directive: org.apache.velocity.runtime.directive.Literal
2017-05-09 15:41:40,463 - Loaded System Directive: org.apache.velocity.runtime.directive.Macro
2017-05-09 15:41:40,463 - Loaded System Directive: org.apache.velocity.runtime.directive.Parse
2017-05-09 15:41:40,463 - Loaded System Directive: org.apache.velocity.runtime.directive.Include
2017-05-09 15:41:40,463 - Loaded System Directive: org.apache.velocity.runtime.directive.Foreach
2017-05-09 15:41:40,483 - Created '20' parsers.
2017-05-09 15:41:40,493 - Velocimacro : "velocimacro.library" is not set.  Trying default library: VM_global_library.vm
2017-05-09 15:41:40,493 - Velocimacro : Default library not found.
2017-05-09 15:41:40,493 - Velocimacro : allowInline = true : VMs can be defined inline in templates
2017-05-09 15:41:40,493 - Velocimacro : allowInlineToOverride = false : VMs defined inline may NOT replace previous VM definitions
2017-05-09 15:41:40,493 - Velocimacro : allowInlineLocal = false : VMs defined inline will be global in scope if allowed.
2017-05-09 15:41:40,493 - Velocimacro : autoload off : VM system will not automatically reload global library macros
